<?xml version="1.0" encoding="UTF-8"?>
<!-- Generated by org.testng.reporters.JUnitReportReporter -->
<testsuite hostname="DESKTOP-NFS9777" failures="0" tests="5" name="com.cjc.webshop.web.test.DemoWebShopTest" time="28.361" errors="0" timestamp="2025-05-12T15:25:44 IST" skipped="0">
  <testcase classname="com.cjc.webshop.web.test.DemoWebShopTest" name="getRegister" time="5.158"/>
  <system-out/>
  <testcase classname="com.cjc.webshop.web.test.DemoWebShopTest" name="getLogin" time="2.805"/>
  <system-out/>
  <testcase classname="com.cjc.webshop.web.test.DemoWebShopTest" name="getshopcart" time="2.169"/>
  <system-out/>
  <testcase classname="com.cjc.webshop.web.test.DemoWebShopTest" name="getShip" time="2.390"/>
  <system-out/>
  <testcase classname="com.cjc.webshop.web.test.DemoWebShopTest" name="getbillAdd" time="15.839"/>
  <system-out/>
</testsuite> <!-- com.cjc.webshop.web.test.DemoWebShopTest -->
