<?xml version="1.0" encoding="UTF-8"?>
<!-- Generated by org.testng.reporters.JUnitReportReporter -->
<testsuite hostname="DESKTOP-NFS9777" failures="0" tests="2" name="com.cjc.parabank.web.tests.ParaBankTest" time="5.224" errors="0" timestamp="2025-05-17T16:36:09 IST" skipped="0">
  <testcase classname="com.cjc.parabank.web.tests.ParaBankTest" name="getRegister" time="4.062"/>
  <system-out/>
  <testcase classname="com.cjc.parabank.web.tests.ParaBankTest" name="getLogInfo" time="1.162"/>
  <system-out/>
</testsuite> <!-- com.cjc.parabank.web.tests.ParaBankTest -->
