<?xml version="1.0" encoding="UTF-8"?>
<!-- Generated by org.testng.reporters.JUnitReportReporter -->
<testsuite hostname="DESKTOP-NFS9777" failures="0" tests="4" name="com.cjc.jpetstore.web.test.JpetStoreTest" time="14.123" errors="0" timestamp="2025-05-12T16:09:43 IST" skipped="0">
  <testcase classname="com.cjc.jpetstore.web.test.JpetStoreTest" name="getInfo" time="4.334"/>
  <system-out/>
  <testcase classname="com.cjc.jpetstore.web.test.JpetStoreTest" name="loginData" time="0.560"/>
  <system-out/>
  <testcase classname="com.cjc.jpetstore.web.test.JpetStoreTest" name="breedCheck" time="5.399"/>
  <system-out/>
  <testcase classname="com.cjc.jpetstore.web.test.JpetStoreTest" name="cardInfo" time="3.830"/>
  <system-out/>
</testsuite> <!-- com.cjc.jpetstore.web.test.JpetStoreTest -->
